<?xml version="1.0" encoding="UTF-8"?>
<!-- Generated by org.testng.reporters.JUnitReportReporter -->
<testsuite hostname="ATMECSINDT-085" name="com.linkedin.testcases.VerifyLinkedInLogin" tests="2" failures="0" timestamp="8 May 2017 12:38:49 GMT" time="18.408" errors="0">
  <testcase name="validateHomePageTitle" time="2.615" classname="com.linkedin.testcases.VerifyLinkedInLogin"/>
  <testcase name="verifyValidLogin" time="15.793" classname="com.linkedin.testcases.VerifyLinkedInLogin"/>
</testsuite> <!-- com.linkedin.testcases.VerifyLinkedInLogin -->
