<?xml version="1.0" encoding="UTF-8"?>
<!-- Generated by org.testng.reporters.JUnitReportReporter -->
<testsuite hostname="ATMECSINDT-085" name="com.linkedin.testcases.LinkedInFindColleagueTest" tests="1" failures="0" timestamp="9 May 2017 11:02:35 GMT" time="29.424" errors="0">
  <testcase name="checkValidSerachResult" time="29.424" classname="com.linkedin.testcases.LinkedInFindColleagueTest"/>
</testsuite> <!-- com.linkedin.testcases.LinkedInFindColleagueTest -->
