<?xml version="1.0" encoding="UTF-8"?>
<!-- Generated by org.testng.reporters.JUnitReportReporter -->
<testsuite hostname="ATMECSINDT-085" name="com.linkedin.testcases.LinkedinLoginTest" tests="1" failures="0" timestamp="9 May 2017 10:51:03 GMT" time="32.152" errors="0">
  <testcase name="checkValidUser" time="32.152" classname="com.linkedin.testcases.LinkedinLoginTest"/>
</testsuite> <!-- com.linkedin.testcases.LinkedinLoginTest -->
