<?xml version="1.0" encoding="UTF-8"?>
<!-- Generated by org.testng.reporters.JUnitReportReporter -->
<testsuite hostname="ATMECSINDT-085" name="com.linkedin.testcases.VerifyLinkedinValidLogin" tests="1" failures="0" timestamp="9 May 2017 10:19:20 GMT" time="52.863" errors="0">
  <testcase name="checkValidUser" time="52.863" classname="com.linkedin.testcases.VerifyLinkedinValidLogin"/>
</testsuite> <!-- com.linkedin.testcases.VerifyLinkedinValidLogin -->
